<?xml version="1.0" encoding="UTF-8"?>
<!-- Generated by org.testng.reporters.JUnitReportReporter -->
<testsuite hostname="DESKTOP-4K1TBNQ" name="com.loex.tests.TestCase" tests="1" failures="0" timestamp="14 Sep 2020 10:08:05 GMT" time="3.953" errors="0">
  <testcase name="tt" time="3.953" classname="com.loex.tests.TestCase"/>
</testsuite> <!-- com.loex.tests.TestCase -->
