<?xml version="1.0" encoding="UTF-8"?>
<!-- Generated by org.testng.reporters.JUnitReportReporter -->
<testsuite skipped="0" hostname="DESKTOP-4K1TBNQ" name="com.loex.dirtodir.CopyDirToDir" tests="1" failures="0" timestamp="2020-09-07T18:33:47 CST" time="0.292" errors="0">
  <testcase name="copyDirToDir" time="0.292" classname="com.loex.dirtodir.CopyDirToDir"/>
  <system-out/>
</testsuite> <!-- com.loex.dirtodir.CopyDirToDir -->
