<?xml version="1.0" encoding="UTF-8"?>
<!-- Generated by org.testng.reporters.JUnitReportReporter -->
<testsuite skipped="0" hostname="DESKTOP-4K1TBNQ" name="com.loex.tests.PostApiTest" tests="5" failures="0" timestamp="2020-09-07T15:05:45 CST" time="1.761" errors="0">
  <testcase name="apiTest" time="1.281" classname="com.loex.tests.PostApiTest"/>
  <system-out/>
  <testcase name="writeExcel" time="0.344" classname="com.loex.tests.PostApiTest"/>
  <system-out/>
  <testcase name="apiTest" time="0.049" classname="com.loex.tests.PostApiTest"/>
  <system-out/>
  <testcase name="apiTest" time="0.044" classname="com.loex.tests.PostApiTest"/>
  <system-out/>
  <testcase name="apiTest" time="0.043" classname="com.loex.tests.PostApiTest"/>
  <system-out/>
</testsuite> <!-- com.loex.tests.PostApiTest -->
