<?xml version="1.0" encoding="UTF-8"?>
<!-- Generated by org.testng.reporters.JUnitReportReporter -->
<testsuite skipped="0" hostname="DESKTOP-4K1TBNQ" name="com.loex.email.SendEmail" tests="1" failures="0" timestamp="2020-09-07T18:33:47 CST" time="0.661" errors="0">
  <testcase name="testSend" time="0.661" classname="com.loex.email.SendEmail"/>
  <system-out/>
</testsuite> <!-- com.loex.email.SendEmail -->
